<?xml version="1.0" encoding="UTF-8"?>
<coverage generated="1587994660129" clover="3.2.0">
  <project timestamp="1587994660129" name="All files">
    <metrics statements="149" coveredstatements="149" conditionals="70" coveredconditionals="70" methods="29" coveredmethods="29" elements="248" coveredelements="248" complexity="0" loc="149" ncloc="149" packages="1" files="4" classes="4"/>
    <file name="interfaces.ts" path="/Users/gjensen/genesys_src/genesys-cloud-client-logger2/src/interfaces.ts">
      <metrics statements="6" coveredstatements="6" conditionals="2" coveredconditionals="2" methods="1" coveredmethods="1"/>
      <line num="27" count="1" type="cond" truecount="2" falsecount="0"/>
      <line num="28" count="1" type="stmt"/>
      <line num="29" count="1" type="stmt"/>
      <line num="30" count="1" type="stmt"/>
      <line num="31" count="1" type="stmt"/>
      <line num="32" count="1" type="stmt"/>
    </file>
    <file name="logger.ts" path="/Users/gjensen/genesys_src/genesys-cloud-client-logger2/src/logger.ts">
      <metrics statements="135" coveredstatements="135" conditionals="66" coveredconditionals="66" methods="23" coveredmethods="23"/>
      <line num="1" count="1" type="stmt"/>
      <line num="2" count="1" type="stmt"/>
      <line num="3" count="1" type="stmt"/>
      <line num="4" count="1" type="stmt"/>
      <line num="5" count="1" type="stmt"/>
      <line num="6" count="1" type="stmt"/>
      <line num="8" count="1" type="stmt"/>
      <line num="9" count="1" type="stmt"/>
      <line num="10" count="1" type="stmt"/>
      <line num="12" count="1" type="stmt"/>
      <line num="24" count="1" type="stmt"/>
      <line num="26" count="47" type="stmt"/>
      <line num="27" count="47" type="stmt"/>
      <line num="28" count="47" type="stmt"/>
      <line num="29" count="47" type="stmt"/>
      <line num="30" count="47" type="stmt"/>
      <line num="34" count="47" type="stmt"/>
      <line num="37" count="47" type="stmt"/>
      <line num="43" count="11" type="stmt"/>
      <line num="44" count="11" type="cond" truecount="2" falsecount="0"/>
      <line num="45" count="1" type="stmt"/>
      <line num="48" count="10" type="stmt"/>
      <line num="50" count="10" type="stmt"/>
      <line num="51" count="10" type="cond" truecount="2" falsecount="0"/>
      <line num="52" count="2" type="cond" truecount="2" falsecount="0"/>
      <line num="53" count="1" type="stmt"/>
      <line num="55" count="2" type="stmt"/>
      <line num="58" count="10" type="cond" truecount="2" falsecount="0"/>
      <line num="59" count="1" type="stmt"/>
      <line num="60" count="1" type="stmt"/>
      <line num="63" count="9" type="cond" truecount="2" falsecount="0"/>
      <line num="64" count="1" type="stmt"/>
      <line num="67" count="9" type="cond" truecount="2" falsecount="0"/>
      <line num="68" count="1" type="stmt"/>
      <line num="71" count="8" type="cond" truecount="2" falsecount="0"/>
      <line num="78" count="8" type="stmt"/>
      <line num="80" count="8" type="stmt"/>
      <line num="82" count="8" type="stmt"/>
      <line num="83" count="1" type="stmt"/>
      <line num="84" count="1" type="stmt"/>
      <line num="87" count="8" type="stmt"/>
      <line num="88" count="1" type="stmt"/>
      <line num="91" count="8" type="stmt"/>
      <line num="92" count="1" type="stmt"/>
      <line num="95" count="8" type="stmt"/>
      <line num="98" count="1" type="stmt"/>
      <line num="99" count="6" type="stmt"/>
      <line num="101" count="1" type="stmt"/>
      <line num="102" count="3" type="stmt"/>
      <line num="104" count="1" type="stmt"/>
      <line num="105" count="5" type="stmt"/>
      <line num="107" count="1" type="stmt"/>
      <line num="108" count="4" type="stmt"/>
      <line num="110" count="1" type="stmt"/>
      <line num="111" count="6" type="stmt"/>
      <line num="114" count="1" type="stmt"/>
      <line num="115" count="16" type="cond" truecount="2" falsecount="0"/>
      <line num="117" count="16" type="cond" truecount="2" falsecount="0"/>
      <line num="118" count="3" type="cond" truecount="2" falsecount="0"/>
      <line num="119" count="3" type="stmt"/>
      <line num="123" count="16" type="cond" truecount="6" falsecount="0"/>
      <line num="124" count="16" type="stmt"/>
      <line num="126" count="16" type="cond" truecount="2" falsecount="0"/>
      <line num="130" count="14" type="stmt"/>
      <line num="133" count="2" type="stmt"/>
      <line num="139" count="2" type="stmt"/>
      <line num="145" count="2" type="stmt"/>
      <line num="146" count="2" type="stmt"/>
      <line num="148" count="2" type="cond" truecount="2" falsecount="0"/>
      <line num="149" count="1" type="stmt"/>
      <line num="150" count="1" type="stmt"/>
      <line num="153" count="2" type="stmt"/>
      <line num="154" count="2" type="stmt"/>
      <line num="156" count="2" type="cond" truecount="2" falsecount="0"/>
      <line num="157" count="1" type="stmt"/>
      <line num="161" count="1" type="stmt"/>
      <line num="162" count="3" type="cond" truecount="2" falsecount="0"/>
      <line num="163" count="2" type="stmt"/>
      <line num="166" count="3" type="cond" truecount="2" falsecount="0"/>
      <line num="167" count="2" type="cond" truecount="2" falsecount="0"/>
      <line num="168" count="1" type="stmt"/>
      <line num="170" count="1" type="stmt"/>
      <line num="173" count="2" type="stmt"/>
      <line num="176" count="1" type="stmt"/>
      <line num="177" count="3" type="cond" truecount="4" falsecount="0"/>
      <line num="178" count="1" type="stmt"/>
      <line num="182" count="6" type="stmt"/>
      <line num="183" count="6" type="stmt"/>
      <line num="184" count="6" type="stmt"/>
      <line num="185" count="6" type="stmt"/>
      <line num="193" count="6" type="cond" truecount="2" falsecount="0"/>
      <line num="194" count="1" type="stmt"/>
      <line num="197" count="5" type="stmt"/>
      <line num="202" count="2" type="stmt"/>
      <line num="203" count="2" type="stmt"/>
      <line num="204" count="2" type="stmt"/>
      <line num="206" count="2" type="cond" truecount="2" falsecount="0"/>
      <line num="207" count="1" type="stmt"/>
      <line num="208" count="1" type="stmt"/>
      <line num="211" count="3" type="stmt"/>
      <line num="213" count="3" type="cond" truecount="2" falsecount="0"/>
      <line num="214" count="2" type="stmt"/>
      <line num="217" count="2" type="cond" truecount="2" falsecount="0"/>
      <line num="218" count="1" type="stmt"/>
      <line num="219" count="1" type="stmt"/>
      <line num="220" count="1" type="stmt"/>
      <line num="223" count="1" type="stmt"/>
      <line num="225" count="1" type="stmt"/>
      <line num="229" count="2" type="stmt"/>
      <line num="230" count="6" type="stmt"/>
      <line num="231" count="2" type="stmt"/>
      <line num="235" count="1" type="stmt"/>
      <line num="237" count="5" type="cond" truecount="2" falsecount="0"/>
      <line num="238" count="1" type="cond" truecount="2" falsecount="0"/>
      <line num="239" count="1" type="stmt"/>
      <line num="241" count="4" type="stmt"/>
      <line num="244" count="5" type="stmt"/>
      <line num="247" count="1" type="stmt"/>
      <line num="248" count="3" type="stmt"/>
      <line num="249" count="3" type="cond" truecount="2" falsecount="0"/>
      <line num="250" count="3" type="stmt"/>
      <line num="251" count="3" type="stmt"/>
      <line num="254" count="1" type="stmt"/>
      <line num="255" count="1" type="stmt"/>
      <line num="256" count="1" type="stmt"/>
      <line num="257" count="1" type="stmt"/>
      <line num="260" count="9" type="cond" truecount="2" falsecount="0"/>
      <line num="261" count="5" type="stmt"/>
      <line num="262" count="5" type="stmt"/>
      <line num="265" count="4" type="cond" truecount="2" falsecount="0"/>
      <line num="266" count="3" type="cond" truecount="2" falsecount="0"/>
      <line num="267" count="3" type="stmt"/>
      <line num="268" count="3" type="cond" truecount="2" falsecount="0"/>
      <line num="270" count="3" type="stmt"/>
      <line num="273" count="1" type="stmt"/>
    </file>
    <file name="test-utils.ts" path="/Users/gjensen/genesys_src/genesys-cloud-client-logger2/src/test-utils.ts">
      <metrics statements="2" coveredstatements="2" conditionals="0" coveredconditionals="0" methods="2" coveredmethods="2"/>
      <line num="1" count="1" type="stmt"/>
      <line num="2" count="1" type="stmt"/>
    </file>
    <file name="utils.ts" path="/Users/gjensen/genesys_src/genesys-cloud-client-logger2/src/utils.ts">
      <metrics statements="6" coveredstatements="6" conditionals="2" coveredconditionals="2" methods="3" coveredmethods="3"/>
      <line num="3" count="2" type="stmt"/>
      <line num="4" count="13" type="stmt"/>
      <line num="7" count="2" type="stmt"/>
      <line num="8" count="11" type="stmt"/>
      <line num="11" count="11" type="stmt"/>
      <line num="12" count="11" type="cond" truecount="2" falsecount="0"/>
    </file>
  </project>
</coverage>
