{"/Users/gjensen/genesys_src/genesys-cloud-client-logger/src/interfaces.ts": {"path":"/Users/gjensen/genesys_src/genesys-cloud-client-logger/src/interfaces.ts","statementMap":{"0":{"start":{"line":47,"column":0},"end":{"line":47,"column":null}},"1":{"start":{"line":48,"column":2},"end":{"line":48,"column":null}},"2":{"start":{"line":49,"column":2},"end":{"line":49,"column":null}},"3":{"start":{"line":50,"column":2},"end":{"line":50,"column":null}},"4":{"start":{"line":51,"column":2},"end":{"line":51,"column":null}},"5":{"start":{"line":52,"column":2},"end":{"line":52,"column":null}}},"fnMap":{"0":{"name":"(anonymous_0)","decl":{"start":{"line":47,"column":0},"end":{"line":47,"column":12}},"loc":{"start":{"line":47,"column":21},"end":{"line":53,"column":1}}}},"branchMap":{"0":{"loc":{"start":{"line":47,"column":12},"end":{"line":47,"column":21}},"type":"binary-expr","locations":[{"start":{"line":47,"column":12},"end":{"line":47,"column":21}},{"start":{"line":47,"column":12},"end":{"line":47,"column":null}}]}},"s":{"0":1,"1":1,"2":1,"3":1,"4":1,"5":1},"f":{"0":1},"b":{"0":[1,1]}}
,"/Users/gjensen/genesys_src/genesys-cloud-client-logger/src/log-uploader.ts": {"path":"/Users/gjensen/genesys_src/genesys-cloud-client-logger/src/log-uploader.ts","statementMap":{"0":{"start":{"line":2,"column":0},"end":{"line":2,"column":37}},"1":{"start":{"line":3,"column":0},"end":{"line":3,"column":64}},"2":{"start":{"line":5,"column":34},"end":{"line":10,"column":null}},"3":{"start":{"line":16,"column":18},"end":{"line":19,"column":4}},"4":{"start":{"line":17,"column":4},"end":{"line":17,"column":18}},"5":{"start":{"line":18,"column":4},"end":{"line":18,"column":17}},"6":{"start":{"line":21,"column":2},"end":{"line":21,"column":48}},"7":{"start":{"line":24,"column":0},"end":{"line":24,"column":13}},"8":{"start":{"line":30,"column":2},"end":{"line":30,"column":null}},"9":{"start":{"line":25,"column":10},"end":{"line":25,"column":42}},"10":{"start":{"line":26,"column":10},"end":{"line":26,"column":36}},"11":{"start":{"line":31,"column":4},"end":{"line":31,"column":55}},"12":{"start":{"line":32,"column":4},"end":{"line":32,"column":31}},"13":{"start":{"line":34,"column":4},"end":{"line":37,"column":7}},"14":{"start":{"line":35,"column":6},"end":{"line":35,"column":36}},"15":{"start":{"line":36,"column":6},"end":{"line":36,"column":32}},"16":{"start":{"line":39,"column":4},"end":{"line":41,"column":7}},"17":{"start":{"line":40,"column":6},"end":{"line":40,"column":29}},"18":{"start":{"line":43,"column":4},"end":{"line":45,"column":7}},"19":{"start":{"line":44,"column":6},"end":{"line":44,"column":37}},"20":{"start":{"line":48,"column":2},"end":{"line":54,"column":null}},"21":{"start":{"line":49,"column":4},"end":{"line":51,"column":null}},"22":{"start":{"line":50,"column":6},"end":{"line":50,"column":13}},"23":{"start":{"line":53,"column":4},"end":{"line":53,"column":35}},"24":{"start":{"line":56,"column":2},"end":{"line":61,"column":null}},"25":{"start":{"line":57,"column":21},"end":{"line":57,"column":34}},"26":{"start":{"line":58,"column":4},"end":{"line":58,"column":52}},"27":{"start":{"line":59,"column":4},"end":{"line":59,"column":27}},"28":{"start":{"line":60,"column":4},"end":{"line":60,"column":28}},"29":{"start":{"line":63,"column":16},"end":{"line":93,"column":null}},"30":{"start":{"line":64,"column":4},"end":{"line":66,"column":null}},"31":{"start":{"line":65,"column":6},"end":{"line":65,"column":13}},"32":{"start":{"line":68,"column":4},"end":{"line":68,"column":34}},"33":{"start":{"line":70,"column":11},"end":{"line":70,"column":24}},"34":{"start":{"line":72,"column":4},"end":{"line":92,"column":9}},"35":{"start":{"line":80,"column":8},"end":{"line":80,"column":29}},"36":{"start":{"line":81,"column":8},"end":{"line":81,"column":39}},"37":{"start":{"line":82,"column":8},"end":{"line":82,"column":37}},"38":{"start":{"line":86,"column":8},"end":{"line":88,"column":null}},"39":{"start":{"line":87,"column":10},"end":{"line":87,"column":31}},"40":{"start":{"line":90,"column":8},"end":{"line":90,"column":39}},"41":{"start":{"line":91,"column":8},"end":{"line":91,"column":39}},"42":{"start":{"line":94,"column":0},"end":{"line":94,"column":null}},"43":{"start":{"line":24,"column":13},"end":{"line":24,"column":24}},"44":{"start":{"line":96,"column":17},"end":{"line":96,"column":34}},"45":{"start":{"line":97,"column":0},"end":{"line":97,"column":24}}},"fnMap":{"0":{"name":"getDeferred","decl":{"start":{"line":12,"column":9},"end":{"line":12,"column":20}},"loc":{"start":{"line":12,"column":20},"end":{"line":22,"column":1}}},"1":{"name":"(anonymous_15)","decl":{"start":{"line":16,"column":30},"end":{"line":16,"column":31}},"loc":{"start":{"line":16,"column":46},"end":{"line":19,"column":3}}},"2":{"name":"(anonymous_16)","decl":{"start":{"line":24,"column":0},"end":{"line":24,"column":13}},"loc":{"start":{"line":24,"column":0},"end":{"line":94,"column":null}}},"3":{"name":"LogUploader","decl":{"start":{"line":30,"column":2},"end":{"line":30,"column":null}},"loc":{"start":{"line":30,"column":2},"end":{"line":46,"column":3}}},"4":{"name":"(anonymous_18)","decl":{"start":{"line":34,"column":31},"end":{"line":34,"column":null}},"loc":{"start":{"line":34,"column":31},"end":{"line":37,"column":5}}},"5":{"name":"(anonymous_19)","decl":{"start":{"line":39,"column":29},"end":{"line":39,"column":null}},"loc":{"start":{"line":39,"column":29},"end":{"line":41,"column":5}}},"6":{"name":"(anonymous_20)","decl":{"start":{"line":43,"column":28},"end":{"line":43,"column":null}},"loc":{"start":{"line":43,"column":28},"end":{"line":45,"column":5}}},"7":{"name":"(anonymous_21)","decl":{"start":{"line":48,"column":2},"end":{"line":48,"column":16}},"loc":{"start":{"line":48,"column":60},"end":{"line":54,"column":3}}},"8":{"name":"(anonymous_22)","decl":{"start":{"line":56,"column":2},"end":{"line":56,"column":10}},"loc":{"start":{"line":56,"column":32},"end":{"line":61,"column":3}}},"9":{"name":"(anonymous_23)","decl":{"start":{"line":63,"column":2},"end":{"line":63,"column":16}},"loc":{"start":{"line":63,"column":2},"end":{"line":93,"column":null}}},"10":{"name":"(anonymous_26)","decl":{"start":{"line":79,"column":12},"end":{"line":79,"column":null}},"loc":{"start":{"line":79,"column":12},"end":{"line":83,"column":7}}},"11":{"name":"(anonymous_27)","decl":{"start":{"line":84,"column":13},"end":{"line":84,"column":14}},"loc":{"start":{"line":84,"column":17},"end":{"line":92,"column":7}}}},"branchMap":{"0":{"loc":{"start":{"line":49,"column":4},"end":{"line":51,"column":null}},"type":"if","locations":[{"start":{"line":49,"column":4},"end":{"line":51,"column":null}},{"start":{"line":49,"column":4},"end":{"line":51,"column":null}}]},"1":{"loc":{"start":{"line":49,"column":8},"end":{"line":49,"column":24}},"type":"binary-expr","locations":[{"start":{"line":49,"column":8},"end":{"line":49,"column":24}},{"start":{"line":49,"column":28},"end":{"line":49,"column":40}}]},"2":{"loc":{"start":{"line":64,"column":4},"end":{"line":66,"column":null}},"type":"if","locations":[{"start":{"line":64,"column":4},"end":{"line":66,"column":null}},{"start":{"line":64,"column":4},"end":{"line":66,"column":null}}]},"3":{"loc":{"start":{"line":64,"column":8},"end":{"line":64,"column":30}},"type":"binary-expr","locations":[{"start":{"line":64,"column":8},"end":{"line":64,"column":30}},{"start":{"line":64,"column":34},"end":{"line":64,"column":61}}]},"4":{"loc":{"start":{"line":86,"column":8},"end":{"line":88,"column":null}},"type":"if","locations":[{"start":{"line":86,"column":8},"end":{"line":88,"column":null}},{"start":{"line":86,"column":8},"end":{"line":88,"column":null}}]}},"s":{"0":2,"1":2,"2":2,"3":1,"4":1,"5":1,"6":1,"7":2,"8":12,"9":12,"10":12,"11":12,"12":12,"13":12,"14":1,"15":1,"16":12,"17":1,"18":12,"19":1,"20":2,"21":7,"22":4,"23":3,"24":2,"25":1,"26":1,"27":1,"28":1,"29":2,"30":5,"31":2,"32":3,"33":3,"34":3,"35":1,"36":1,"37":1,"38":2,"39":1,"40":2,"41":2,"42":2,"43":2,"44":2,"45":2},"f":{"0":1,"1":1,"2":2,"3":12,"4":1,"5":1,"6":1,"7":7,"8":1,"9":5,"10":1,"11":2},"b":{"0":[4,3],"1":[7,5],"2":[2,3],"3":[5,4],"4":[1,1]}}
,"/Users/gjensen/genesys_src/genesys-cloud-client-logger/src/logger.ts": {"path":"/Users/gjensen/genesys_src/genesys-cloud-client-logger/src/logger.ts","statementMap":{"0":{"start":{"line":1,"column":0},"end":{"line":1,"column":98}},"1":{"start":{"line":2,"column":0},"end":{"line":2,"column":26}},"2":{"start":{"line":3,"column":0},"end":{"line":3,"column":44}},"3":{"start":{"line":4,"column":0},"end":{"line":4,"column":74}},"4":{"start":{"line":5,"column":0},"end":{"line":5,"column":38}},"5":{"start":{"line":7,"column":29},"end":{"line":7,"column":51}},"6":{"start":{"line":8,"column":26},"end":{"line":8,"column":29}},"7":{"start":{"line":9,"column":21},"end":{"line":9,"column":26}},"8":{"start":{"line":11,"column":21},"end":{"line":21,"column":2}},"9":{"start":{"line":23,"column":0},"end":{"line":23,"column":13}},"10":{"start":{"line":25,"column":10},"end":{"line":25,"column":36}},"11":{"start":{"line":26,"column":10},"end":{"line":26,"column":35}},"12":{"start":{"line":27,"column":10},"end":{"line":27,"column":36}},"13":{"start":{"line":28,"column":10},"end":{"line":28,"column":32}},"14":{"start":{"line":31,"column":10},"end":{"line":31,"column":32}},"15":{"start":{"line":34,"column":4},"end":{"line":37,"column":7}},"16":{"start":{"line":40,"column":2},"end":{"line":70,"column":null}},"17":{"start":{"line":41,"column":4},"end":{"line":43,"column":null}},"18":{"start":{"line":42,"column":6},"end":{"line":42,"column":60}},"19":{"start":{"line":45,"column":4},"end":{"line":45,"column":21}},"20":{"start":{"line":47,"column":21},"end":{"line":47,"column":34}},"21":{"start":{"line":48,"column":4},"end":{"line":53,"column":null}},"22":{"start":{"line":49,"column":6},"end":{"line":51,"column":null}},"23":{"start":{"line":50,"column":8},"end":{"line":50,"column":117}},"24":{"start":{"line":52,"column":6},"end":{"line":52,"column":42}},"25":{"start":{"line":55,"column":4},"end":{"line":58,"column":null}},"26":{"start":{"line":56,"column":6},"end":{"line":56,"column":63}},"27":{"start":{"line":57,"column":6},"end":{"line":57,"column":79}},"28":{"start":{"line":60,"column":4},"end":{"line":62,"column":null}},"29":{"start":{"line":61,"column":6},"end":{"line":61,"column":51}},"30":{"start":{"line":64,"column":4},"end":{"line":66,"column":null}},"31":{"start":{"line":65,"column":6},"end":{"line":65,"column":72}},"32":{"start":{"line":68,"column":4},"end":{"line":68,"column":46}},"33":{"start":{"line":69,"column":4},"end":{"line":69,"column":30}},"34":{"start":{"line":72,"column":2},"end":{"line":74,"column":null}},"35":{"start":{"line":73,"column":4},"end":{"line":73,"column":65}},"36":{"start":{"line":75,"column":2},"end":{"line":77,"column":null}},"37":{"start":{"line":76,"column":4},"end":{"line":76,"column":67}},"38":{"start":{"line":78,"column":2},"end":{"line":80,"column":null}},"39":{"start":{"line":79,"column":4},"end":{"line":79,"column":66}},"40":{"start":{"line":81,"column":2},"end":{"line":83,"column":null}},"41":{"start":{"line":82,"column":4},"end":{"line":82,"column":66}},"42":{"start":{"line":84,"column":2},"end":{"line":86,"column":null}},"43":{"start":{"line":85,"column":4},"end":{"line":85,"column":67}},"44":{"start":{"line":88,"column":10},"end":{"line":133,"column":null}},"45":{"start":{"line":89,"column":4},"end":{"line":89,"column":75}},"46":{"start":{"line":91,"column":4},"end":{"line":94,"column":null}},"47":{"start":{"line":92,"column":6},"end":{"line":92,"column":35}},"48":{"start":{"line":93,"column":6},"end":{"line":93,"column":32}},"49":{"start":{"line":97,"column":19},"end":{"line":97,"column":72}},"50":{"start":{"line":98,"column":4},"end":{"line":98,"column":51}},"51":{"start":{"line":100,"column":4},"end":{"line":105,"column":null}},"52":{"start":{"line":104,"column":6},"end":{"line":104,"column":13}},"53":{"start":{"line":107,"column":16},"end":{"line":112,"column":6}},"54":{"start":{"line":113,"column":33},"end":{"line":117,"column":6}},"55":{"start":{"line":119,"column":27},"end":{"line":119,"column":64}},"56":{"start":{"line":120,"column":30},"end":{"line":120,"column":80}},"57":{"start":{"line":122,"column":4},"end":{"line":125,"column":null}},"58":{"start":{"line":123,"column":6},"end":{"line":123,"column":75}},"59":{"start":{"line":124,"column":6},"end":{"line":124,"column":28}},"60":{"start":{"line":127,"column":4},"end":{"line":127,"column":38}},"61":{"start":{"line":128,"column":4},"end":{"line":128,"column":41}},"62":{"start":{"line":130,"column":4},"end":{"line":132,"column":null}},"63":{"start":{"line":131,"column":6},"end":{"line":131,"column":24}},"64":{"start":{"line":135,"column":10},"end":{"line":148,"column":null}},"65":{"start":{"line":136,"column":4},"end":{"line":138,"column":null}},"66":{"start":{"line":137,"column":6},"end":{"line":137,"column":38}},"67":{"start":{"line":140,"column":4},"end":{"line":146,"column":null}},"68":{"start":{"line":141,"column":6},"end":{"line":145,"column":null}},"69":{"start":{"line":142,"column":8},"end":{"line":142,"column":36}},"70":{"start":{"line":144,"column":8},"end":{"line":144,"column":141}},"71":{"start":{"line":147,"column":4},"end":{"line":147,"column":96}},"72":{"start":{"line":150,"column":10},"end":{"line":154,"column":null}},"73":{"start":{"line":151,"column":4},"end":{"line":153,"column":null}},"74":{"start":{"line":152,"column":6},"end":{"line":152,"column":29}},"75":{"start":{"line":156,"column":16},"end":{"line":203,"column":null}},"76":{"start":{"line":157,"column":10},"end":{"line":157,"column":40}},"77":{"start":{"line":158,"column":4},"end":{"line":158,"column":64}},"78":{"start":{"line":160,"column":4},"end":{"line":162,"column":null}},"79":{"start":{"line":161,"column":6},"end":{"line":161,"column":31}},"80":{"start":{"line":164,"column":10},"end":{"line":171,"column":6}},"81":{"start":{"line":174,"column":6},"end":{"line":174,"column":36}},"82":{"start":{"line":175,"column":6},"end":{"line":175,"column":39}},"83":{"start":{"line":176,"column":6},"end":{"line":176,"column":57}},"84":{"start":{"line":177,"column":6},"end":{"line":177,"column":19}},"85":{"start":{"line":178,"column":6},"end":{"line":181,"column":null}},"86":{"start":{"line":179,"column":8},"end":{"line":179,"column":87}},"87":{"start":{"line":180,"column":8},"end":{"line":180,"column":26}},"88":{"start":{"line":183,"column":6},"end":{"line":183,"column":31}},"89":{"start":{"line":185,"column":6},"end":{"line":196,"column":null}},"90":{"start":{"line":186,"column":8},"end":{"line":186,"column":38}},"91":{"start":{"line":189,"column":8},"end":{"line":193,"column":null}},"92":{"start":{"line":190,"column":10},"end":{"line":190,"column":23}},"93":{"start":{"line":191,"column":10},"end":{"line":191,"column":28}},"94":{"start":{"line":192,"column":10},"end":{"line":192,"column":17}},"95":{"start":{"line":195,"column":8},"end":{"line":195,"column":66}},"96":{"start":{"line":199,"column":12},"end":{"line":199,"column":45}},"97":{"start":{"line":200,"column":6},"end":{"line":200,"column":74}},"98":{"start":{"line":200,"column":45},"end":{"line":200,"column":73}},"99":{"start":{"line":201,"column":6},"end":{"line":201,"column":66}},"100":{"start":{"line":204,"column":10},"end":{"line":232,"column":null}},"101":{"start":{"line":205,"column":27},"end":{"line":205,"column":70}},"102":{"start":{"line":207,"column":22},"end":{"line":207,"column":23}},"103":{"start":{"line":208,"column":29},"end":{"line":208,"column":31}},"104":{"start":{"line":210,"column":4},"end":{"line":219,"column":null}},"105":{"start":{"line":210,"column":24},"end":{"line":210,"column":28}},"106":{"start":{"line":210,"column":24},"end":{"line":210,"column":38}},"107":{"start":{"line":210,"column":20},"end":{"line":210,"column":24}},"108":{"start":{"line":211,"column":19},"end":{"line":211,"column":49}},"109":{"start":{"line":213,"column":6},"end":{"line":215,"column":null}},"110":{"start":{"line":214,"column":8},"end":{"line":214,"column":14}},"111":{"start":{"line":217,"column":6},"end":{"line":217,"column":26}},"112":{"start":{"line":218,"column":6},"end":{"line":218,"column":25}},"113":{"start":{"line":221,"column":4},"end":{"line":227,"column":null}},"114":{"start":{"line":222,"column":25},"end":{"line":222,"column":52}},"115":{"start":{"line":223,"column":6},"end":{"line":223,"column":78}},"116":{"start":{"line":224,"column":6},"end":{"line":224,"column":33}},"117":{"start":{"line":226,"column":6},"end":{"line":226,"column":34}},"118":{"start":{"line":229,"column":4},"end":{"line":229,"column":44}},"119":{"start":{"line":231,"column":4},"end":{"line":231,"column":18}},"120":{"start":{"line":234,"column":10},"end":{"line":237,"column":null}},"121":{"start":{"line":235,"column":4},"end":{"line":235,"column":35}},"122":{"start":{"line":236,"column":4},"end":{"line":236,"column":31}},"123":{"start":{"line":238,"column":0},"end":{"line":238,"column":null}},"124":{"start":{"line":23,"column":13},"end":{"line":23,"column":19}}},"fnMap":{"0":{"name":"(anonymous_14)","decl":{"start":{"line":23,"column":0},"end":{"line":23,"column":13}},"loc":{"start":{"line":23,"column":0},"end":{"line":238,"column":null}}},"1":{"name":"Logger","decl":{"start":{"line":33,"column":2},"end":{"line":33,"column":null}},"loc":{"start":{"line":33,"column":2},"end":{"line":38,"column":3}}},"2":{"name":"(anonymous_16)","decl":{"start":{"line":40,"column":2},"end":{"line":40,"column":25}},"loc":{"start":{"line":40,"column":44},"end":{"line":70,"column":3}}},"3":{"name":"(anonymous_17)","decl":{"start":{"line":72,"column":2},"end":{"line":72,"column":5}},"loc":{"start":{"line":72,"column":67},"end":{"line":74,"column":3}}},"4":{"name":"(anonymous_18)","decl":{"start":{"line":75,"column":2},"end":{"line":75,"column":7}},"loc":{"start":{"line":75,"column":69},"end":{"line":77,"column":3}}},"5":{"name":"(anonymous_19)","decl":{"start":{"line":78,"column":2},"end":{"line":78,"column":6}},"loc":{"start":{"line":78,"column":68},"end":{"line":80,"column":3}}},"6":{"name":"(anonymous_20)","decl":{"start":{"line":81,"column":2},"end":{"line":81,"column":6}},"loc":{"start":{"line":81,"column":68},"end":{"line":83,"column":3}}},"7":{"name":"(anonymous_21)","decl":{"start":{"line":84,"column":2},"end":{"line":84,"column":7}},"loc":{"start":{"line":84,"column":69},"end":{"line":86,"column":3}}},"8":{"name":"(anonymous_22)","decl":{"start":{"line":88,"column":2},"end":{"line":88,"column":10}},"loc":{"start":{"line":88,"column":100},"end":{"line":133,"column":3}}},"9":{"name":"(anonymous_23)","decl":{"start":{"line":135,"column":2},"end":{"line":135,"column":10}},"loc":{"start":{"line":135,"column":47},"end":{"line":148,"column":3}}},"10":{"name":"(anonymous_24)","decl":{"start":{"line":150,"column":2},"end":{"line":150,"column":10}},"loc":{"start":{"line":150,"column":2},"end":{"line":154,"column":3}}},"11":{"name":"(anonymous_25)","decl":{"start":{"line":156,"column":2},"end":{"line":156,"column":16}},"loc":{"start":{"line":156,"column":2},"end":{"line":203,"column":null}}},"12":{"name":"(anonymous_28)","decl":{"start":{"line":200,"column":28},"end":{"line":200,"column":29}},"loc":{"start":{"line":200,"column":40},"end":{"line":200,"column":49}}},"13":{"name":"(anonymous_29)","decl":{"start":{"line":204,"column":2},"end":{"line":204,"column":10}},"loc":{"start":{"line":204,"column":2},"end":{"line":232,"column":3}}},"14":{"name":"(anonymous_30)","decl":{"start":{"line":234,"column":2},"end":{"line":234,"column":10}},"loc":{"start":{"line":234,"column":2},"end":{"line":237,"column":3}}}},"branchMap":{"0":{"loc":{"start":{"line":41,"column":4},"end":{"line":43,"column":null}},"type":"if","locations":[{"start":{"line":41,"column":4},"end":{"line":43,"column":null}},{"start":{"line":41,"column":4},"end":{"line":43,"column":null}}]},"1":{"loc":{"start":{"line":48,"column":4},"end":{"line":53,"column":null}},"type":"if","locations":[{"start":{"line":48,"column":4},"end":{"line":53,"column":null}},{"start":{"line":48,"column":4},"end":{"line":53,"column":null}}]},"2":{"loc":{"start":{"line":49,"column":6},"end":{"line":51,"column":null}},"type":"if","locations":[{"start":{"line":49,"column":6},"end":{"line":51,"column":null}},{"start":{"line":49,"column":6},"end":{"line":51,"column":null}}]},"3":{"loc":{"start":{"line":55,"column":4},"end":{"line":58,"column":null}},"type":"if","locations":[{"start":{"line":55,"column":4},"end":{"line":58,"column":null}},{"start":{"line":55,"column":4},"end":{"line":58,"column":null}}]},"4":{"loc":{"start":{"line":60,"column":4},"end":{"line":62,"column":null}},"type":"if","locations":[{"start":{"line":60,"column":4},"end":{"line":62,"column":null}},{"start":{"line":60,"column":4},"end":{"line":62,"column":null}}]},"5":{"loc":{"start":{"line":64,"column":4},"end":{"line":66,"column":null}},"type":"if","locations":[{"start":{"line":64,"column":4},"end":{"line":66,"column":null}},{"start":{"line":64,"column":4},"end":{"line":66,"column":null}}]},"6":{"loc":{"start":{"line":89,"column":13},"end":{"line":89,"column":18}},"type":"binary-expr","locations":[{"start":{"line":89,"column":13},"end":{"line":89,"column":18}},{"start":{"line":89,"column":22},"end":{"line":89,"column":35}}]},"7":{"loc":{"start":{"line":91,"column":4},"end":{"line":94,"column":null}},"type":"if","locations":[{"start":{"line":91,"column":4},"end":{"line":94,"column":null}},{"start":{"line":91,"column":4},"end":{"line":94,"column":null}}]},"8":{"loc":{"start":{"line":92,"column":16},"end":{"line":92,"column":23}},"type":"binary-expr","locations":[{"start":{"line":92,"column":16},"end":{"line":92,"column":23}},{"start":{"line":92,"column":27},"end":{"line":92,"column":34}}]},"9":{"loc":{"start":{"line":97,"column":41},"end":{"line":97,"column":67}},"type":"cond-expr","locations":[{"start":{"line":97,"column":41},"end":{"line":97,"column":67}},{"start":{"line":97,"column":70},"end":{"line":97,"column":72}}]},"10":{"loc":{"start":{"line":97,"column":28},"end":{"line":97,"column":30}},"type":"cond-expr","locations":[{"start":{"line":97,"column":28},"end":{"line":97,"column":30}},{"start":{"line":97,"column":28},"end":{"line":97,"column":38}}]},"11":{"loc":{"start":{"line":97,"column":19},"end":{"line":97,"column":30}},"type":"binary-expr","locations":[{"start":{"line":97,"column":19},"end":{"line":97,"column":30}},{"start":{"line":97,"column":28},"end":{"line":97,"column":30}}]},"12":{"loc":{"start":{"line":100,"column":4},"end":{"line":105,"column":null}},"type":"if","locations":[{"start":{"line":100,"column":4},"end":{"line":105,"column":null}},{"start":{"line":100,"column":4},"end":{"line":105,"column":null}}]},"13":{"loc":{"start":{"line":101,"column":6},"end":{"line":101,"column":16}},"type":"binary-expr","locations":[{"start":{"line":101,"column":6},"end":{"line":101,"column":16}},{"start":{"line":102,"column":6},"end":{"line":102,"column":83}}]},"14":{"loc":{"start":{"line":122,"column":4},"end":{"line":125,"column":null}},"type":"if","locations":[{"start":{"line":122,"column":4},"end":{"line":125,"column":null}},{"start":{"line":122,"column":4},"end":{"line":125,"column":null}}]},"15":{"loc":{"start":{"line":130,"column":4},"end":{"line":132,"column":null}},"type":"if","locations":[{"start":{"line":130,"column":4},"end":{"line":132,"column":null}},{"start":{"line":130,"column":4},"end":{"line":132,"column":null}}]},"16":{"loc":{"start":{"line":136,"column":4},"end":{"line":138,"column":null}},"type":"if","locations":[{"start":{"line":136,"column":4},"end":{"line":138,"column":null}},{"start":{"line":136,"column":4},"end":{"line":138,"column":null}}]},"17":{"loc":{"start":{"line":140,"column":4},"end":{"line":146,"column":null}},"type":"if","locations":[{"start":{"line":140,"column":4},"end":{"line":146,"column":null}},{"start":{"line":140,"column":4},"end":{"line":146,"column":null}}]},"18":{"loc":{"start":{"line":141,"column":6},"end":{"line":145,"column":null}},"type":"if","locations":[{"start":{"line":141,"column":6},"end":{"line":145,"column":null}},{"start":{"line":141,"column":6},"end":{"line":145,"column":null}}]},"19":{"loc":{"start":{"line":151,"column":4},"end":{"line":153,"column":null}},"type":"if","locations":[{"start":{"line":151,"column":4},"end":{"line":153,"column":null}},{"start":{"line":151,"column":4},"end":{"line":153,"column":null}}]},"20":{"loc":{"start":{"line":160,"column":4},"end":{"line":162,"column":null}},"type":"if","locations":[{"start":{"line":160,"column":4},"end":{"line":162,"column":null}},{"start":{"line":160,"column":4},"end":{"line":162,"column":null}}]},"21":{"loc":{"start":{"line":178,"column":6},"end":{"line":181,"column":null}},"type":"if","locations":[{"start":{"line":178,"column":6},"end":{"line":181,"column":null}},{"start":{"line":178,"column":6},"end":{"line":181,"column":null}}]},"22":{"loc":{"start":{"line":185,"column":6},"end":{"line":196,"column":null}},"type":"if","locations":[{"start":{"line":185,"column":6},"end":{"line":196,"column":null}},{"start":{"line":185,"column":6},"end":{"line":196,"column":null}}]},"23":{"loc":{"start":{"line":189,"column":8},"end":{"line":193,"column":null}},"type":"if","locations":[{"start":{"line":189,"column":8},"end":{"line":193,"column":null}},{"start":{"line":189,"column":8},"end":{"line":193,"column":null}}]},"24":{"loc":{"start":{"line":213,"column":6},"end":{"line":215,"column":null}},"type":"if","locations":[{"start":{"line":213,"column":6},"end":{"line":215,"column":null}},{"start":{"line":213,"column":6},"end":{"line":215,"column":null}}]},"25":{"loc":{"start":{"line":221,"column":4},"end":{"line":227,"column":null}},"type":"if","locations":[{"start":{"line":221,"column":4},"end":{"line":227,"column":null}},{"start":{"line":221,"column":4},"end":{"line":227,"column":null}}]}},"s":{"0":1,"1":1,"2":1,"3":1,"4":1,"5":1,"6":1,"7":1,"8":1,"9":1,"10":35,"11":35,"12":35,"13":35,"14":35,"15":35,"16":1,"17":7,"18":1,"19":6,"20":6,"21":6,"22":2,"23":1,"24":2,"25":6,"26":1,"27":1,"28":5,"29":1,"30":5,"31":1,"32":4,"33":4,"34":1,"35":6,"36":1,"37":3,"38":1,"39":5,"40":1,"41":5,"42":1,"43":6,"44":1,"45":17,"46":17,"47":3,"48":3,"49":17,"50":17,"51":17,"52":15,"53":2,"54":2,"55":2,"56":2,"57":2,"58":1,"59":1,"60":2,"61":2,"62":2,"63":1,"64":1,"65":3,"66":2,"67":3,"68":2,"69":1,"70":1,"71":2,"72":1,"73":2,"74":1,"75":1,"76":6,"77":6,"78":6,"79":1,"80":5,"81":5,"82":10,"83":2,"84":2,"85":2,"86":1,"87":1,"88":3,"89":3,"90":2,"91":2,"92":1,"93":1,"94":1,"95":1,"96":2,"97":2,"98":6,"99":2,"100":1,"101":5,"102":5,"103":5,"104":5,"105":5,"106":5,"107":12,"108":12,"109":12,"110":3,"111":9,"112":9,"113":5,"114":1,"115":1,"116":1,"117":1,"118":4,"119":4,"120":1,"121":1,"122":1,"123":1,"124":1},"f":{"0":1,"1":35,"2":7,"3":6,"4":3,"5":5,"6":5,"7":6,"8":17,"9":3,"10":2,"11":6,"12":6,"13":5,"14":1},"b":{"0":[1,6],"1":[2,4],"2":[1,1],"3":[1,5],"4":[1,4],"5":[1,4],"6":[17,1],"7":[3,14],"8":[3,2],"9":[12,5],"10":[4,13],"11":[17,17],"12":[15,2],"13":[17,3],"14":[1,1],"15":[1,1],"16":[2,1],"17":[2,1],"18":[1,1],"19":[1,1],"20":[1,5],"21":[1,1],"22":[2,1],"23":[1,1],"24":[3,9],"25":[1,4]}}
,"/Users/gjensen/genesys_src/genesys-cloud-client-logger/src/test-utils.ts": {"path":"/Users/gjensen/genesys_src/genesys-cloud-client-logger/src/test-utils.ts","statementMap":{"0":{"start":{"line":2,"column":2},"end":{"line":2,"column":56}},"1":{"start":{"line":2,"column":32},"end":{"line":2,"column":55}},"2":{"start":{"line":1,"column":0},"end":{"line":1,"column":16}}},"fnMap":{"0":{"name":"wait","decl":{"start":{"line":1,"column":16},"end":{"line":1,"column":20}},"loc":{"start":{"line":1,"column":31},"end":{"line":3,"column":1}}},"1":{"name":"(anonymous_1)","decl":{"start":{"line":2,"column":21},"end":{"line":2,"column":28}},"loc":{"start":{"line":2,"column":28},"end":{"line":2,"column":42}}}},"branchMap":{},"s":{"0":1,"1":1,"2":1},"f":{"0":1,"1":1},"b":{}}
,"/Users/gjensen/genesys_src/genesys-cloud-client-logger/src/utils.ts": {"path":"/Users/gjensen/genesys_src/genesys-cloud-client-logger/src/utils.ts","statementMap":{"0":{"start":{"line":1,"column":0},"end":{"line":1,"column":33}},"1":{"start":{"line":4,"column":13},"end":{"line":6,"column":2}},"2":{"start":{"line":5,"column":2},"end":{"line":5,"column":95}},"3":{"start":{"line":5,"column":53},"end":{"line":5,"column":92}},"4":{"start":{"line":8,"column":13},"end":{"line":14,"column":2}},"5":{"start":{"line":9,"column":14},"end":{"line":9,"column":35}},"6":{"start":{"line":12,"column":12},"end":{"line":12,"column":55}},"7":{"start":{"line":13,"column":2},"end":{"line":13,"column":41}},"8":{"start":{"line":16,"column":13},"end":{"line":24,"column":2}},"9":{"start":{"line":17,"column":15},"end":{"line":17,"column":112}},"10":{"start":{"line":18,"column":2},"end":{"line":20,"column":null}},"11":{"start":{"line":19,"column":4},"end":{"line":19,"column":62}},"12":{"start":{"line":21,"column":2},"end":{"line":21,"column":42}},"13":{"start":{"line":23,"column":2},"end":{"line":23,"column":32}},"14":{"start":{"line":26,"column":17},"end":{"line":29,"column":1}},"15":{"start":{"line":26,"column":62},"end":{"line":26,"column":null}},"16":{"start":{"line":27,"column":2},"end":{"line":27,"column":40}},"17":{"start":{"line":28,"column":2},"end":{"line":28,"column":61}}},"fnMap":{"0":{"name":"(anonymous_1)","decl":{"start":{"line":4,"column":38},"end":{"line":4,"column":48}},"loc":{"start":{"line":4,"column":61},"end":{"line":6,"column":1}}},"1":{"name":"(anonymous_2)","decl":{"start":{"line":5,"column":20},"end":{"line":5,"column":21}},"loc":{"start":{"line":5,"column":48},"end":{"line":5,"column":57}}},"2":{"name":"(anonymous_3)","decl":{"start":{"line":8,"column":39},"end":{"line":8,"column":49}},"loc":{"start":{"line":8,"column":59},"end":{"line":14,"column":1}}},"3":{"name":"(anonymous_4)","decl":{"start":{"line":16,"column":26},"end":{"line":16,"column":36}},"loc":{"start":{"line":16,"column":76},"end":{"line":24,"column":1}}},"4":{"name":"(anonymous_5)","decl":{"start":{"line":26,"column":17},"end":{"line":26,"column":27}},"loc":{"start":{"line":26,"column":84},"end":{"line":29,"column":1}}}},"branchMap":{"0":{"loc":{"start":{"line":13,"column":27},"end":{"line":13,"column":35}},"type":"cond-expr","locations":[{"start":{"line":13,"column":27},"end":{"line":13,"column":35}},{"start":{"line":13,"column":38},"end":{"line":13,"column":39}}]},"1":{"loc":{"start":{"line":17,"column":31},"end":{"line":17,"column":45}},"type":"binary-expr","locations":[{"start":{"line":17,"column":31},"end":{"line":17,"column":45}},{"start":{"line":17,"column":49},"end":{"line":17,"column":54}}]},"2":{"loc":{"start":{"line":18,"column":2},"end":{"line":20,"column":null}},"type":"if","locations":[{"start":{"line":18,"column":2},"end":{"line":20,"column":null}},{"start":{"line":18,"column":2},"end":{"line":20,"column":null}}]},"3":{"loc":{"start":{"line":21,"column":11},"end":{"line":21,"column":30}},"type":"binary-expr","locations":[{"start":{"line":21,"column":11},"end":{"line":21,"column":30}},{"start":{"line":21,"column":34},"end":{"line":21,"column":40}}]},"4":{"loc":{"start":{"line":26,"column":62},"end":{"line":26,"column":null}},"type":"if","locations":[{"start":{"line":26,"column":62},"end":{"line":26,"column":null}},{"start":{"line":26,"column":62},"end":{"line":26,"column":null}}]}},"s":{"0":3,"1":3,"2":10,"3":13,"4":3,"5":17,"6":17,"7":17,"8":3,"9":6,"10":6,"11":1,"12":6,"13":6,"14":3,"15":11,"16":6,"17":6},"f":{"0":10,"1":13,"2":17,"3":6,"4":6},"b":{"0":[1,16],"1":[6,4],"2":[1,5],"3":[6,5],"4":[5,1]}}
}
