{"/Users/gjensen/genesys_src/genesys-cloud-client-logger2/src/interfaces.ts": {"path":"/Users/gjensen/genesys_src/genesys-cloud-client-logger2/src/interfaces.ts","statementMap":{"0":{"start":{"line":27,"column":0},"end":{"line":27,"column":null}},"1":{"start":{"line":28,"column":2},"end":{"line":28,"column":null}},"2":{"start":{"line":29,"column":2},"end":{"line":29,"column":null}},"3":{"start":{"line":30,"column":2},"end":{"line":30,"column":null}},"4":{"start":{"line":31,"column":2},"end":{"line":31,"column":null}},"5":{"start":{"line":32,"column":2},"end":{"line":32,"column":null}}},"fnMap":{"0":{"name":"(anonymous_0)","decl":{"start":{"line":27,"column":0},"end":{"line":27,"column":12}},"loc":{"start":{"line":27,"column":21},"end":{"line":33,"column":1}}}},"branchMap":{"0":{"loc":{"start":{"line":27,"column":12},"end":{"line":27,"column":21}},"type":"binary-expr","locations":[{"start":{"line":27,"column":12},"end":{"line":27,"column":21}},{"start":{"line":27,"column":12},"end":{"line":27,"column":null}}]}},"s":{"0":1,"1":1,"2":1,"3":1,"4":1,"5":1},"f":{"0":1},"b":{"0":[1,1]}}
,"/Users/gjensen/genesys_src/genesys-cloud-client-logger2/src/logger.ts": {"path":"/Users/gjensen/genesys_src/genesys-cloud-client-logger2/src/logger.ts","statementMap":{"0":{"start":{"line":1,"column":0},"end":{"line":1,"column":81}},"1":{"start":{"line":2,"column":0},"end":{"line":2,"column":26}},"2":{"start":{"line":3,"column":0},"end":{"line":3,"column":44}},"3":{"start":{"line":4,"column":0},"end":{"line":4,"column":74}},"4":{"start":{"line":5,"column":0},"end":{"line":5,"column":61}},"5":{"start":{"line":6,"column":0},"end":{"line":6,"column":33}},"6":{"start":{"line":8,"column":29},"end":{"line":8,"column":51}},"7":{"start":{"line":9,"column":26},"end":{"line":9,"column":29}},"8":{"start":{"line":10,"column":21},"end":{"line":10,"column":26}},"9":{"start":{"line":12,"column":21},"end":{"line":22,"column":2}},"10":{"start":{"line":24,"column":0},"end":{"line":24,"column":13}},"11":{"start":{"line":26,"column":10},"end":{"line":26,"column":36}},"12":{"start":{"line":27,"column":10},"end":{"line":27,"column":35}},"13":{"start":{"line":28,"column":10},"end":{"line":28,"column":32}},"14":{"start":{"line":29,"column":10},"end":{"line":29,"column":32}},"15":{"start":{"line":30,"column":10},"end":{"line":30,"column":35}},"16":{"start":{"line":34,"column":10},"end":{"line":34,"column":32}},"17":{"start":{"line":37,"column":4},"end":{"line":40,"column":7}},"18":{"start":{"line":43,"column":2},"end":{"line":96,"column":null}},"19":{"start":{"line":43,"column":2},"end":{"line":43,"column":25}},"20":{"start":{"line":44,"column":4},"end":{"line":46,"column":null}},"21":{"start":{"line":45,"column":6},"end":{"line":45,"column":60}},"22":{"start":{"line":48,"column":4},"end":{"line":48,"column":21}},"23":{"start":{"line":50,"column":21},"end":{"line":50,"column":34}},"24":{"start":{"line":51,"column":4},"end":{"line":56,"column":null}},"25":{"start":{"line":52,"column":6},"end":{"line":54,"column":null}},"26":{"start":{"line":53,"column":8},"end":{"line":53,"column":117}},"27":{"start":{"line":55,"column":6},"end":{"line":55,"column":42}},"28":{"start":{"line":58,"column":4},"end":{"line":61,"column":null}},"29":{"start":{"line":59,"column":6},"end":{"line":59,"column":63}},"30":{"start":{"line":60,"column":6},"end":{"line":60,"column":79}},"31":{"start":{"line":63,"column":4},"end":{"line":65,"column":null}},"32":{"start":{"line":64,"column":6},"end":{"line":64,"column":51}},"33":{"start":{"line":67,"column":4},"end":{"line":69,"column":null}},"34":{"start":{"line":68,"column":6},"end":{"line":68,"column":72}},"35":{"start":{"line":71,"column":38},"end":{"line":76,"column":null}},"36":{"start":{"line":78,"column":4},"end":{"line":78,"column":52}},"37":{"start":{"line":80,"column":4},"end":{"line":80,"column":31}},"38":{"start":{"line":82,"column":4},"end":{"line":85,"column":7}},"39":{"start":{"line":83,"column":6},"end":{"line":83,"column":32}},"40":{"start":{"line":84,"column":6},"end":{"line":84,"column":38}},"41":{"start":{"line":87,"column":4},"end":{"line":89,"column":7}},"42":{"start":{"line":88,"column":6},"end":{"line":88,"column":29}},"43":{"start":{"line":91,"column":4},"end":{"line":93,"column":7}},"44":{"start":{"line":92,"column":6},"end":{"line":92,"column":33}},"45":{"start":{"line":95,"column":4},"end":{"line":95,"column":30}},"46":{"start":{"line":98,"column":2},"end":{"line":100,"column":null}},"47":{"start":{"line":99,"column":4},"end":{"line":99,"column":65}},"48":{"start":{"line":101,"column":2},"end":{"line":103,"column":null}},"49":{"start":{"line":102,"column":4},"end":{"line":102,"column":67}},"50":{"start":{"line":104,"column":2},"end":{"line":106,"column":null}},"51":{"start":{"line":105,"column":4},"end":{"line":105,"column":66}},"52":{"start":{"line":107,"column":2},"end":{"line":109,"column":null}},"53":{"start":{"line":108,"column":4},"end":{"line":108,"column":66}},"54":{"start":{"line":110,"column":2},"end":{"line":112,"column":null}},"55":{"start":{"line":111,"column":4},"end":{"line":111,"column":67}},"56":{"start":{"line":114,"column":10},"end":{"line":159,"column":null}},"57":{"start":{"line":115,"column":4},"end":{"line":115,"column":75}},"58":{"start":{"line":117,"column":4},"end":{"line":120,"column":null}},"59":{"start":{"line":118,"column":6},"end":{"line":118,"column":35}},"60":{"start":{"line":119,"column":6},"end":{"line":119,"column":32}},"61":{"start":{"line":123,"column":19},"end":{"line":123,"column":72}},"62":{"start":{"line":124,"column":4},"end":{"line":124,"column":51}},"63":{"start":{"line":126,"column":4},"end":{"line":131,"column":null}},"64":{"start":{"line":130,"column":6},"end":{"line":130,"column":13}},"65":{"start":{"line":133,"column":16},"end":{"line":138,"column":6}},"66":{"start":{"line":139,"column":33},"end":{"line":143,"column":6}},"67":{"start":{"line":145,"column":27},"end":{"line":145,"column":64}},"68":{"start":{"line":146,"column":30},"end":{"line":146,"column":80}},"69":{"start":{"line":148,"column":4},"end":{"line":151,"column":null}},"70":{"start":{"line":149,"column":6},"end":{"line":149,"column":75}},"71":{"start":{"line":150,"column":6},"end":{"line":150,"column":28}},"72":{"start":{"line":153,"column":4},"end":{"line":153,"column":38}},"73":{"start":{"line":154,"column":4},"end":{"line":154,"column":41}},"74":{"start":{"line":156,"column":4},"end":{"line":158,"column":null}},"75":{"start":{"line":157,"column":6},"end":{"line":157,"column":24}},"76":{"start":{"line":161,"column":10},"end":{"line":174,"column":null}},"77":{"start":{"line":162,"column":4},"end":{"line":164,"column":null}},"78":{"start":{"line":163,"column":6},"end":{"line":163,"column":38}},"79":{"start":{"line":166,"column":4},"end":{"line":172,"column":null}},"80":{"start":{"line":167,"column":6},"end":{"line":171,"column":null}},"81":{"start":{"line":168,"column":8},"end":{"line":168,"column":36}},"82":{"start":{"line":170,"column":8},"end":{"line":170,"column":141}},"83":{"start":{"line":173,"column":4},"end":{"line":173,"column":96}},"84":{"start":{"line":176,"column":10},"end":{"line":180,"column":null}},"85":{"start":{"line":177,"column":4},"end":{"line":179,"column":null}},"86":{"start":{"line":178,"column":6},"end":{"line":178,"column":29}},"87":{"start":{"line":182,"column":10},"end":{"line":233,"column":null}},"88":{"start":{"line":182,"column":2},"end":{"line":182,"column":10}},"89":{"start":{"line":183,"column":19},"end":{"line":183,"column":39}},"90":{"start":{"line":184,"column":4},"end":{"line":184,"column":64}},"91":{"start":{"line":185,"column":20},"end":{"line":191,"column":6}},"92":{"start":{"line":193,"column":4},"end":{"line":195,"column":null}},"93":{"start":{"line":194,"column":6},"end":{"line":194,"column":31}},"94":{"start":{"line":197,"column":4},"end":{"line":232,"column":7}},"95":{"start":{"line":202,"column":6},"end":{"line":202,"column":57}},"96":{"start":{"line":203,"column":6},"end":{"line":203,"column":31}},"97":{"start":{"line":204,"column":6},"end":{"line":204,"column":27}},"98":{"start":{"line":206,"column":6},"end":{"line":209,"column":null}},"99":{"start":{"line":207,"column":8},"end":{"line":207,"column":87}},"100":{"start":{"line":208,"column":8},"end":{"line":208,"column":31}},"101":{"start":{"line":211,"column":6},"end":{"line":211,"column":31}},"102":{"start":{"line":213,"column":6},"end":{"line":226,"column":null}},"103":{"start":{"line":214,"column":8},"end":{"line":214,"column":38}},"104":{"start":{"line":217,"column":8},"end":{"line":221,"column":null}},"105":{"start":{"line":218,"column":10},"end":{"line":218,"column":35}},"106":{"start":{"line":219,"column":10},"end":{"line":219,"column":31}},"107":{"start":{"line":220,"column":10},"end":{"line":220,"column":17}},"108":{"start":{"line":223,"column":8},"end":{"line":223,"column":37}},"109":{"start":{"line":225,"column":8},"end":{"line":225,"column":66}},"110":{"start":{"line":229,"column":28},"end":{"line":229,"column":44}},"111":{"start":{"line":230,"column":6},"end":{"line":230,"column":74}},"112":{"start":{"line":230,"column":45},"end":{"line":230,"column":73}},"113":{"start":{"line":231,"column":6},"end":{"line":231,"column":66}},"114":{"start":{"line":235,"column":10},"end":{"line":245,"column":null}},"115":{"start":{"line":237,"column":4},"end":{"line":242,"column":null}},"116":{"start":{"line":238,"column":35},"end":{"line":238,"column":62}},"117":{"start":{"line":239,"column":6},"end":{"line":239,"column":63}},"118":{"start":{"line":241,"column":6},"end":{"line":241,"column":63}},"119":{"start":{"line":244,"column":4},"end":{"line":244,"column":18}},"120":{"start":{"line":247,"column":10},"end":{"line":252,"column":null}},"121":{"start":{"line":248,"column":21},"end":{"line":248,"column":37}},"122":{"start":{"line":249,"column":23},"end":{"line":249,"column":72}},"123":{"start":{"line":250,"column":19},"end":{"line":250,"column":55}},"124":{"start":{"line":251,"column":4},"end":{"line":251,"column":18}},"125":{"start":{"line":254,"column":10},"end":{"line":258,"column":null}},"126":{"start":{"line":255,"column":4},"end":{"line":255,"column":31}},"127":{"start":{"line":256,"column":4},"end":{"line":256,"column":31}},"128":{"start":{"line":257,"column":4},"end":{"line":257,"column":34}},"129":{"start":{"line":260,"column":10},"end":{"line":263,"column":4}},"130":{"start":{"line":260,"column":34},"end":{"line":260,"column":null}},"131":{"start":{"line":261,"column":4},"end":{"line":261,"column":42}},"132":{"start":{"line":262,"column":4},"end":{"line":262,"column":73}},"133":{"start":{"line":265,"column":10},"end":{"line":271,"column":4}},"134":{"start":{"line":265,"column":36},"end":{"line":265,"column":null}},"135":{"start":{"line":266,"column":17},"end":{"line":266,"column":100}},"136":{"start":{"line":267,"column":4},"end":{"line":267,"column":64}},"137":{"start":{"line":268,"column":4},"end":{"line":268,"column":44}},"138":{"start":{"line":270,"column":4},"end":{"line":270,"column":34}},"139":{"start":{"line":273,"column":0},"end":{"line":273,"column":null}},"140":{"start":{"line":24,"column":13},"end":{"line":24,"column":19}}},"fnMap":{"0":{"name":"(anonymous_1)","decl":{"start":{"line":24,"column":0},"end":{"line":24,"column":13}},"loc":{"start":{"line":24,"column":0},"end":{"line":273,"column":null}}},"1":{"name":"Logger","decl":{"start":{"line":36,"column":2},"end":{"line":36,"column":null}},"loc":{"start":{"line":36,"column":2},"end":{"line":41,"column":3}}},"2":{"name":"(anonymous_3)","decl":{"start":{"line":43,"column":2},"end":{"line":43,"column":25}},"loc":{"start":{"line":43,"column":44},"end":{"line":96,"column":3}}},"3":{"name":"(anonymous_4)","decl":{"start":{"line":82,"column":31},"end":{"line":82,"column":null}},"loc":{"start":{"line":82,"column":31},"end":{"line":85,"column":5}}},"4":{"name":"(anonymous_5)","decl":{"start":{"line":87,"column":29},"end":{"line":87,"column":null}},"loc":{"start":{"line":87,"column":29},"end":{"line":89,"column":5}}},"5":{"name":"(anonymous_6)","decl":{"start":{"line":91,"column":28},"end":{"line":91,"column":null}},"loc":{"start":{"line":91,"column":28},"end":{"line":93,"column":5}}},"6":{"name":"(anonymous_7)","decl":{"start":{"line":98,"column":2},"end":{"line":98,"column":5}},"loc":{"start":{"line":98,"column":67},"end":{"line":100,"column":3}}},"7":{"name":"(anonymous_8)","decl":{"start":{"line":101,"column":2},"end":{"line":101,"column":7}},"loc":{"start":{"line":101,"column":69},"end":{"line":103,"column":3}}},"8":{"name":"(anonymous_9)","decl":{"start":{"line":104,"column":2},"end":{"line":104,"column":6}},"loc":{"start":{"line":104,"column":68},"end":{"line":106,"column":3}}},"9":{"name":"(anonymous_10)","decl":{"start":{"line":107,"column":2},"end":{"line":107,"column":6}},"loc":{"start":{"line":107,"column":68},"end":{"line":109,"column":3}}},"10":{"name":"(anonymous_11)","decl":{"start":{"line":110,"column":2},"end":{"line":110,"column":7}},"loc":{"start":{"line":110,"column":69},"end":{"line":112,"column":3}}},"11":{"name":"(anonymous_12)","decl":{"start":{"line":114,"column":2},"end":{"line":114,"column":10}},"loc":{"start":{"line":114,"column":100},"end":{"line":159,"column":3}}},"12":{"name":"(anonymous_13)","decl":{"start":{"line":161,"column":2},"end":{"line":161,"column":10}},"loc":{"start":{"line":161,"column":47},"end":{"line":174,"column":3}}},"13":{"name":"(anonymous_14)","decl":{"start":{"line":176,"column":2},"end":{"line":176,"column":10}},"loc":{"start":{"line":176,"column":2},"end":{"line":180,"column":3}}},"14":{"name":"(anonymous_15)","decl":{"start":{"line":182,"column":2},"end":{"line":182,"column":10}},"loc":{"start":{"line":182,"column":2},"end":{"line":233,"column":3}}},"15":{"name":"(anonymous_16)","decl":{"start":{"line":201,"column":12},"end":{"line":201,"column":null}},"loc":{"start":{"line":201,"column":12},"end":{"line":210,"column":5}}},"16":{"name":"(anonymous_17)","decl":{"start":{"line":210,"column":13},"end":{"line":210,"column":14}},"loc":{"start":{"line":210,"column":19},"end":{"line":232,"column":5}}},"17":{"name":"(anonymous_18)","decl":{"start":{"line":230,"column":28},"end":{"line":230,"column":29}},"loc":{"start":{"line":230,"column":40},"end":{"line":230,"column":49}}},"18":{"name":"(anonymous_19)","decl":{"start":{"line":235,"column":2},"end":{"line":235,"column":10}},"loc":{"start":{"line":235,"column":2},"end":{"line":245,"column":3}}},"19":{"name":"(anonymous_20)","decl":{"start":{"line":247,"column":2},"end":{"line":247,"column":10}},"loc":{"start":{"line":247,"column":52},"end":{"line":252,"column":3}}},"20":{"name":"(anonymous_21)","decl":{"start":{"line":254,"column":2},"end":{"line":254,"column":10}},"loc":{"start":{"line":254,"column":2},"end":{"line":258,"column":3}}},"21":{"name":"(anonymous_22)","decl":{"start":{"line":260,"column":2},"end":{"line":260,"column":10}},"loc":{"start":{"line":260,"column":56},"end":{"line":263,"column":3}}},"22":{"name":"(anonymous_23)","decl":{"start":{"line":265,"column":2},"end":{"line":265,"column":10}},"loc":{"start":{"line":265,"column":67},"end":{"line":271,"column":3}}}},"branchMap":{"0":{"loc":{"start":{"line":44,"column":4},"end":{"line":46,"column":null}},"type":"if","locations":[{"start":{"line":44,"column":4},"end":{"line":46,"column":null}},{"start":{"line":44,"column":4},"end":{"line":46,"column":null}}]},"1":{"loc":{"start":{"line":51,"column":4},"end":{"line":56,"column":null}},"type":"if","locations":[{"start":{"line":51,"column":4},"end":{"line":56,"column":null}},{"start":{"line":51,"column":4},"end":{"line":56,"column":null}}]},"2":{"loc":{"start":{"line":52,"column":6},"end":{"line":54,"column":null}},"type":"if","locations":[{"start":{"line":52,"column":6},"end":{"line":54,"column":null}},{"start":{"line":52,"column":6},"end":{"line":54,"column":null}}]},"3":{"loc":{"start":{"line":58,"column":4},"end":{"line":61,"column":null}},"type":"if","locations":[{"start":{"line":58,"column":4},"end":{"line":61,"column":null}},{"start":{"line":58,"column":4},"end":{"line":61,"column":null}}]},"4":{"loc":{"start":{"line":63,"column":4},"end":{"line":65,"column":null}},"type":"if","locations":[{"start":{"line":63,"column":4},"end":{"line":65,"column":null}},{"start":{"line":63,"column":4},"end":{"line":65,"column":null}}]},"5":{"loc":{"start":{"line":67,"column":4},"end":{"line":69,"column":null}},"type":"if","locations":[{"start":{"line":67,"column":4},"end":{"line":69,"column":null}},{"start":{"line":67,"column":4},"end":{"line":69,"column":null}}]},"6":{"loc":{"start":{"line":71,"column":38},"end":{"line":71,"column":54}},"type":"binary-expr","locations":[{"start":{"line":71,"column":38},"end":{"line":71,"column":54}},{"start":{"line":71,"column":58},"end":{"line":76,"column":null}}]},"7":{"loc":{"start":{"line":115,"column":13},"end":{"line":115,"column":18}},"type":"binary-expr","locations":[{"start":{"line":115,"column":13},"end":{"line":115,"column":18}},{"start":{"line":115,"column":22},"end":{"line":115,"column":35}}]},"8":{"loc":{"start":{"line":117,"column":4},"end":{"line":120,"column":null}},"type":"if","locations":[{"start":{"line":117,"column":4},"end":{"line":120,"column":null}},{"start":{"line":117,"column":4},"end":{"line":120,"column":null}}]},"9":{"loc":{"start":{"line":118,"column":16},"end":{"line":118,"column":23}},"type":"binary-expr","locations":[{"start":{"line":118,"column":16},"end":{"line":118,"column":23}},{"start":{"line":118,"column":27},"end":{"line":118,"column":34}}]},"10":{"loc":{"start":{"line":123,"column":41},"end":{"line":123,"column":67}},"type":"cond-expr","locations":[{"start":{"line":123,"column":41},"end":{"line":123,"column":67}},{"start":{"line":123,"column":70},"end":{"line":123,"column":72}}]},"11":{"loc":{"start":{"line":123,"column":28},"end":{"line":123,"column":30}},"type":"cond-expr","locations":[{"start":{"line":123,"column":28},"end":{"line":123,"column":30}},{"start":{"line":123,"column":28},"end":{"line":123,"column":38}}]},"12":{"loc":{"start":{"line":123,"column":19},"end":{"line":123,"column":30}},"type":"binary-expr","locations":[{"start":{"line":123,"column":19},"end":{"line":123,"column":30}},{"start":{"line":123,"column":28},"end":{"line":123,"column":30}}]},"13":{"loc":{"start":{"line":126,"column":4},"end":{"line":131,"column":null}},"type":"if","locations":[{"start":{"line":126,"column":4},"end":{"line":131,"column":null}},{"start":{"line":126,"column":4},"end":{"line":131,"column":null}}]},"14":{"loc":{"start":{"line":127,"column":6},"end":{"line":127,"column":16}},"type":"binary-expr","locations":[{"start":{"line":127,"column":6},"end":{"line":127,"column":16}},{"start":{"line":128,"column":6},"end":{"line":128,"column":83}}]},"15":{"loc":{"start":{"line":148,"column":4},"end":{"line":151,"column":null}},"type":"if","locations":[{"start":{"line":148,"column":4},"end":{"line":151,"column":null}},{"start":{"line":148,"column":4},"end":{"line":151,"column":null}}]},"16":{"loc":{"start":{"line":156,"column":4},"end":{"line":158,"column":null}},"type":"if","locations":[{"start":{"line":156,"column":4},"end":{"line":158,"column":null}},{"start":{"line":156,"column":4},"end":{"line":158,"column":null}}]},"17":{"loc":{"start":{"line":162,"column":4},"end":{"line":164,"column":null}},"type":"if","locations":[{"start":{"line":162,"column":4},"end":{"line":164,"column":null}},{"start":{"line":162,"column":4},"end":{"line":164,"column":null}}]},"18":{"loc":{"start":{"line":166,"column":4},"end":{"line":172,"column":null}},"type":"if","locations":[{"start":{"line":166,"column":4},"end":{"line":172,"column":null}},{"start":{"line":166,"column":4},"end":{"line":172,"column":null}}]},"19":{"loc":{"start":{"line":167,"column":6},"end":{"line":171,"column":null}},"type":"if","locations":[{"start":{"line":167,"column":6},"end":{"line":171,"column":null}},{"start":{"line":167,"column":6},"end":{"line":171,"column":null}}]},"20":{"loc":{"start":{"line":177,"column":4},"end":{"line":179,"column":null}},"type":"if","locations":[{"start":{"line":177,"column":4},"end":{"line":179,"column":null}},{"start":{"line":177,"column":4},"end":{"line":179,"column":null}}]},"21":{"loc":{"start":{"line":177,"column":8},"end":{"line":177,"column":27}},"type":"binary-expr","locations":[{"start":{"line":177,"column":8},"end":{"line":177,"column":27}},{"start":{"line":177,"column":31},"end":{"line":177,"column":43}}]},"22":{"loc":{"start":{"line":193,"column":4},"end":{"line":195,"column":null}},"type":"if","locations":[{"start":{"line":193,"column":4},"end":{"line":195,"column":null}},{"start":{"line":193,"column":4},"end":{"line":195,"column":null}}]},"23":{"loc":{"start":{"line":206,"column":6},"end":{"line":209,"column":null}},"type":"if","locations":[{"start":{"line":206,"column":6},"end":{"line":209,"column":null}},{"start":{"line":206,"column":6},"end":{"line":209,"column":null}}]},"24":{"loc":{"start":{"line":213,"column":6},"end":{"line":226,"column":null}},"type":"if","locations":[{"start":{"line":213,"column":6},"end":{"line":226,"column":null}},{"start":{"line":213,"column":6},"end":{"line":226,"column":null}}]},"25":{"loc":{"start":{"line":217,"column":8},"end":{"line":221,"column":null}},"type":"if","locations":[{"start":{"line":217,"column":8},"end":{"line":221,"column":null}},{"start":{"line":217,"column":8},"end":{"line":221,"column":null}}]},"26":{"loc":{"start":{"line":237,"column":4},"end":{"line":242,"column":null}},"type":"if","locations":[{"start":{"line":237,"column":4},"end":{"line":242,"column":null}},{"start":{"line":237,"column":4},"end":{"line":242,"column":null}}]},"27":{"loc":{"start":{"line":238,"column":35},"end":{"line":238,"column":57}},"type":"binary-expr","locations":[{"start":{"line":238,"column":35},"end":{"line":238,"column":57}},{"start":{"line":238,"column":61},"end":{"line":238,"column":62}}]},"28":{"loc":{"start":{"line":249,"column":23},"end":{"line":249,"column":67}},"type":"binary-expr","locations":[{"start":{"line":249,"column":23},"end":{"line":249,"column":67}},{"start":{"line":249,"column":71},"end":{"line":249,"column":72}}]},"29":{"loc":{"start":{"line":260,"column":34},"end":{"line":260,"column":null}},"type":"if","locations":[{"start":{"line":260,"column":34},"end":{"line":260,"column":null}},{"start":{"line":260,"column":34},"end":{"line":260,"column":null}}]},"30":{"loc":{"start":{"line":265,"column":36},"end":{"line":265,"column":null}},"type":"if","locations":[{"start":{"line":265,"column":36},"end":{"line":265,"column":null}},{"start":{"line":265,"column":36},"end":{"line":265,"column":null}}]},"31":{"loc":{"start":{"line":266,"column":33},"end":{"line":266,"column":47}},"type":"binary-expr","locations":[{"start":{"line":266,"column":33},"end":{"line":266,"column":47}},{"start":{"line":266,"column":51},"end":{"line":266,"column":56}}]},"32":{"loc":{"start":{"line":268,"column":13},"end":{"line":268,"column":32}},"type":"binary-expr","locations":[{"start":{"line":268,"column":13},"end":{"line":268,"column":32}},{"start":{"line":268,"column":36},"end":{"line":268,"column":42}}]}},"s":{"0":1,"1":1,"2":1,"3":1,"4":1,"5":1,"6":1,"7":1,"8":1,"9":1,"10":1,"11":47,"12":47,"13":47,"14":47,"15":47,"16":47,"17":47,"18":1,"19":11,"20":11,"21":1,"22":10,"23":10,"24":10,"25":2,"26":1,"27":2,"28":10,"29":1,"30":1,"31":9,"32":1,"33":9,"34":1,"35":8,"36":8,"37":8,"38":8,"39":1,"40":1,"41":8,"42":1,"43":8,"44":1,"45":8,"46":1,"47":6,"48":1,"49":3,"50":1,"51":5,"52":1,"53":4,"54":1,"55":6,"56":1,"57":16,"58":16,"59":3,"60":3,"61":16,"62":16,"63":16,"64":14,"65":2,"66":2,"67":2,"68":2,"69":2,"70":1,"71":1,"72":2,"73":2,"74":2,"75":1,"76":1,"77":3,"78":2,"79":3,"80":2,"81":1,"82":1,"83":2,"84":1,"85":3,"86":1,"87":1,"88":6,"89":6,"90":6,"91":6,"92":6,"93":1,"94":5,"95":2,"96":2,"97":2,"98":2,"99":1,"100":1,"101":3,"102":3,"103":2,"104":2,"105":1,"106":1,"107":1,"108":1,"109":1,"110":2,"111":2,"112":6,"113":2,"114":1,"115":5,"116":1,"117":1,"118":4,"119":5,"120":1,"121":3,"122":3,"123":3,"124":3,"125":1,"126":1,"127":1,"128":1,"129":1,"130":9,"131":5,"132":5,"133":1,"134":4,"135":3,"136":3,"137":3,"138":3,"139":1,"140":1},"f":{"0":1,"1":47,"2":11,"3":1,"4":1,"5":1,"6":6,"7":3,"8":5,"9":4,"10":6,"11":16,"12":3,"13":3,"14":6,"15":2,"16":3,"17":6,"18":5,"19":3,"20":1,"21":5,"22":3},"b":{"0":[1,10],"1":[2,8],"2":[1,1],"3":[1,9],"4":[1,8],"5":[1,8],"6":[8,1],"7":[16,1],"8":[3,13],"9":[3,2],"10":[12,4],"11":[3,13],"12":[16,16],"13":[14,2],"14":[16,3],"15":[1,1],"16":[1,1],"17":[2,1],"18":[2,1],"19":[1,1],"20":[1,2],"21":[3,2],"22":[1,5],"23":[1,1],"24":[2,1],"25":[1,1],"26":[1,4],"27":[1,1],"28":[3,1],"29":[4,1],"30":[1,2],"31":[3,1],"32":[3,2]}}
,"/Users/gjensen/genesys_src/genesys-cloud-client-logger2/src/test-utils.ts": {"path":"/Users/gjensen/genesys_src/genesys-cloud-client-logger2/src/test-utils.ts","statementMap":{"0":{"start":{"line":2,"column":2},"end":{"line":2,"column":56}},"1":{"start":{"line":2,"column":32},"end":{"line":2,"column":55}},"2":{"start":{"line":1,"column":0},"end":{"line":1,"column":16}}},"fnMap":{"0":{"name":"wait","decl":{"start":{"line":1,"column":16},"end":{"line":1,"column":20}},"loc":{"start":{"line":1,"column":31},"end":{"line":3,"column":1}}},"1":{"name":"(anonymous_1)","decl":{"start":{"line":2,"column":21},"end":{"line":2,"column":28}},"loc":{"start":{"line":2,"column":28},"end":{"line":2,"column":42}}}},"branchMap":{},"s":{"0":1,"1":1,"2":1},"f":{"0":1,"1":1},"b":{}}
,"/Users/gjensen/genesys_src/genesys-cloud-client-logger2/src/utils.ts": {"path":"/Users/gjensen/genesys_src/genesys-cloud-client-logger2/src/utils.ts","statementMap":{"0":{"start":{"line":3,"column":13},"end":{"line":5,"column":2}},"1":{"start":{"line":4,"column":2},"end":{"line":4,"column":95}},"2":{"start":{"line":4,"column":53},"end":{"line":4,"column":92}},"3":{"start":{"line":7,"column":13},"end":{"line":13,"column":2}},"4":{"start":{"line":8,"column":14},"end":{"line":8,"column":35}},"5":{"start":{"line":11,"column":12},"end":{"line":11,"column":55}},"6":{"start":{"line":12,"column":2},"end":{"line":12,"column":41}}},"fnMap":{"0":{"name":"(anonymous_0)","decl":{"start":{"line":3,"column":38},"end":{"line":3,"column":48}},"loc":{"start":{"line":3,"column":61},"end":{"line":5,"column":1}}},"1":{"name":"(anonymous_1)","decl":{"start":{"line":4,"column":20},"end":{"line":4,"column":21}},"loc":{"start":{"line":4,"column":48},"end":{"line":4,"column":57}}},"2":{"name":"(anonymous_2)","decl":{"start":{"line":7,"column":39},"end":{"line":7,"column":49}},"loc":{"start":{"line":7,"column":59},"end":{"line":13,"column":1}}}},"branchMap":{"0":{"loc":{"start":{"line":12,"column":27},"end":{"line":12,"column":35}},"type":"cond-expr","locations":[{"start":{"line":12,"column":27},"end":{"line":12,"column":35}},{"start":{"line":12,"column":38},"end":{"line":12,"column":39}}]}},"s":{"0":2,"1":10,"2":13,"3":2,"4":11,"5":11,"6":11},"f":{"0":10,"1":13,"2":11},"b":{"0":[1,10]}}
}
