TN:
SF:src/interfaces.ts
FN:47,(anonymous_0)
FNF:1
FNH:1
FNDA:1,(anonymous_0)
DA:47,1
DA:48,1
DA:49,1
DA:50,1
DA:51,1
DA:52,1
LF:6
LH:6
BRDA:47,0,0,1
BRDA:47,0,1,1
BRF:2
BRH:2
end_of_record
TN:
SF:src/log-uploader.ts
FN:12,getDeferred
FN:16,(anonymous_15)
FN:24,(anonymous_16)
FN:30,LogUploader
FN:34,(anonymous_18)
FN:39,(anonymous_19)
FN:43,(anonymous_20)
FN:48,(anonymous_21)
FN:56,(anonymous_22)
FN:63,(anonymous_23)
FN:79,(anonymous_26)
FN:84,(anonymous_27)
FNF:12
FNH:12
FNDA:1,getDeferred
FNDA:1,(anonymous_15)
FNDA:2,(anonymous_16)
FNDA:12,LogUploader
FNDA:1,(anonymous_18)
FNDA:1,(anonymous_19)
FNDA:1,(anonymous_20)
FNDA:7,(anonymous_21)
FNDA:1,(anonymous_22)
FNDA:5,(anonymous_23)
FNDA:1,(anonymous_26)
FNDA:2,(anonymous_27)
DA:2,2
DA:3,2
DA:5,2
DA:16,1
DA:17,1
DA:18,1
DA:21,1
DA:24,2
DA:25,12
DA:26,12
DA:30,12
DA:31,12
DA:32,12
DA:34,12
DA:35,1
DA:36,1
DA:39,12
DA:40,1
DA:43,12
DA:44,1
DA:48,2
DA:49,7
DA:50,4
DA:53,3
DA:56,2
DA:57,1
DA:58,1
DA:59,1
DA:60,1
DA:63,2
DA:64,5
DA:65,2
DA:68,3
DA:70,3
DA:72,3
DA:80,1
DA:81,1
DA:82,1
DA:86,2
DA:87,1
DA:90,2
DA:91,2
DA:94,2
DA:96,2
DA:97,2
LF:45
LH:45
BRDA:49,0,0,4
BRDA:49,0,1,3
BRDA:49,1,0,7
BRDA:49,1,1,5
BRDA:64,2,0,2
BRDA:64,2,1,3
BRDA:64,3,0,5
BRDA:64,3,1,4
BRDA:86,4,0,1
BRDA:86,4,1,1
BRF:10
BRH:10
end_of_record
TN:
SF:src/logger.ts
FN:23,(anonymous_14)
FN:33,Logger
FN:40,(anonymous_16)
FN:72,(anonymous_17)
FN:75,(anonymous_18)
FN:78,(anonymous_19)
FN:81,(anonymous_20)
FN:84,(anonymous_21)
FN:88,(anonymous_22)
FN:135,(anonymous_23)
FN:150,(anonymous_24)
FN:156,(anonymous_25)
FN:200,(anonymous_28)
FN:204,(anonymous_29)
FN:234,(anonymous_30)
FNF:15
FNH:15
FNDA:1,(anonymous_14)
FNDA:35,Logger
FNDA:7,(anonymous_16)
FNDA:6,(anonymous_17)
FNDA:3,(anonymous_18)
FNDA:5,(anonymous_19)
FNDA:5,(anonymous_20)
FNDA:6,(anonymous_21)
FNDA:17,(anonymous_22)
FNDA:3,(anonymous_23)
FNDA:2,(anonymous_24)
FNDA:6,(anonymous_25)
FNDA:6,(anonymous_28)
FNDA:5,(anonymous_29)
FNDA:1,(anonymous_30)
DA:1,1
DA:2,1
DA:3,1
DA:4,1
DA:5,1
DA:7,1
DA:8,1
DA:9,1
DA:11,1
DA:23,1
DA:25,35
DA:26,35
DA:27,35
DA:28,35
DA:31,35
DA:34,35
DA:40,1
DA:41,7
DA:42,1
DA:45,6
DA:47,6
DA:48,6
DA:49,2
DA:50,1
DA:52,2
DA:55,6
DA:56,1
DA:57,1
DA:60,5
DA:61,1
DA:64,5
DA:65,1
DA:68,4
DA:69,4
DA:72,1
DA:73,6
DA:75,1
DA:76,3
DA:78,1
DA:79,5
DA:81,1
DA:82,5
DA:84,1
DA:85,6
DA:88,1
DA:89,17
DA:91,17
DA:92,3
DA:93,3
DA:97,17
DA:98,17
DA:100,17
DA:104,15
DA:107,2
DA:113,2
DA:119,2
DA:120,2
DA:122,2
DA:123,1
DA:124,1
DA:127,2
DA:128,2
DA:130,2
DA:131,1
DA:135,1
DA:136,3
DA:137,2
DA:140,3
DA:141,2
DA:142,1
DA:144,1
DA:147,2
DA:150,1
DA:151,2
DA:152,1
DA:156,1
DA:157,6
DA:158,6
DA:160,6
DA:161,1
DA:164,5
DA:174,5
DA:175,10
DA:176,2
DA:177,2
DA:178,2
DA:179,1
DA:180,1
DA:183,3
DA:185,3
DA:186,2
DA:189,2
DA:190,1
DA:191,1
DA:192,1
DA:195,1
DA:199,2
DA:200,6
DA:201,2
DA:204,1
DA:205,5
DA:207,5
DA:208,5
DA:210,12
DA:211,12
DA:213,12
DA:214,3
DA:217,9
DA:218,9
DA:221,5
DA:222,1
DA:223,1
DA:224,1
DA:226,1
DA:229,4
DA:231,4
DA:234,1
DA:235,1
DA:236,1
DA:238,1
LF:120
LH:120
BRDA:41,0,0,1
BRDA:41,0,1,6
BRDA:48,1,0,2
BRDA:48,1,1,4
BRDA:49,2,0,1
BRDA:49,2,1,1
BRDA:55,3,0,1
BRDA:55,3,1,5
BRDA:60,4,0,1
BRDA:60,4,1,4
BRDA:64,5,0,1
BRDA:64,5,1,4
BRDA:89,6,0,17
BRDA:89,6,1,1
BRDA:91,7,0,3
BRDA:91,7,1,14
BRDA:92,8,0,3
BRDA:92,8,1,2
BRDA:97,9,0,12
BRDA:97,9,1,5
BRDA:97,10,0,4
BRDA:97,10,1,13
BRDA:97,11,0,17
BRDA:97,11,1,17
BRDA:100,12,0,15
BRDA:100,12,1,2
BRDA:101,13,0,17
BRDA:101,13,1,3
BRDA:122,14,0,1
BRDA:122,14,1,1
BRDA:130,15,0,1
BRDA:130,15,1,1
BRDA:136,16,0,2
BRDA:136,16,1,1
BRDA:140,17,0,2
BRDA:140,17,1,1
BRDA:141,18,0,1
BRDA:141,18,1,1
BRDA:151,19,0,1
BRDA:151,19,1,1
BRDA:160,20,0,1
BRDA:160,20,1,5
BRDA:178,21,0,1
BRDA:178,21,1,1
BRDA:185,22,0,2
BRDA:185,22,1,1
BRDA:189,23,0,1
BRDA:189,23,1,1
BRDA:213,24,0,3
BRDA:213,24,1,9
BRDA:221,25,0,1
BRDA:221,25,1,4
BRF:52
BRH:52
end_of_record
TN:
SF:src/test-utils.ts
FN:1,wait
FN:2,(anonymous_1)
FNF:2
FNH:2
FNDA:1,wait
FNDA:1,(anonymous_1)
DA:1,1
DA:2,1
LF:2
LH:2
BRF:0
BRH:0
end_of_record
TN:
SF:src/utils.ts
FN:4,(anonymous_1)
FN:5,(anonymous_2)
FN:8,(anonymous_3)
FN:16,(anonymous_4)
FN:26,(anonymous_5)
FNF:5
FNH:5
FNDA:10,(anonymous_1)
FNDA:13,(anonymous_2)
FNDA:17,(anonymous_3)
FNDA:6,(anonymous_4)
FNDA:6,(anonymous_5)
DA:1,3
DA:4,3
DA:5,13
DA:8,3
DA:9,17
DA:12,17
DA:13,17
DA:16,3
DA:17,6
DA:18,6
DA:19,1
DA:21,6
DA:23,6
DA:26,11
DA:27,6
DA:28,6
LF:16
LH:16
BRDA:13,0,0,1
BRDA:13,0,1,16
BRDA:17,1,0,6
BRDA:17,1,1,4
BRDA:18,2,0,1
BRDA:18,2,1,5
BRDA:21,3,0,6
BRDA:21,3,1,5
BRDA:26,4,0,5
BRDA:26,4,1,1
BRF:10
BRH:10
end_of_record
