TN:
SF:src/interfaces.ts
FN:27,(anonymous_0)
FNF:1
FNH:1
FNDA:1,(anonymous_0)
DA:27,1
DA:28,1
DA:29,1
DA:30,1
DA:31,1
DA:32,1
LF:6
LH:6
BRDA:27,0,0,1
BRDA:27,0,1,1
BRF:2
BRH:2
end_of_record
TN:
SF:src/logger.ts
FN:24,(anonymous_1)
FN:36,Logger
FN:43,(anonymous_3)
FN:82,(anonymous_4)
FN:87,(anonymous_5)
FN:91,(anonymous_6)
FN:98,(anonymous_7)
FN:101,(anonymous_8)
FN:104,(anonymous_9)
FN:107,(anonymous_10)
FN:110,(anonymous_11)
FN:114,(anonymous_12)
FN:161,(anonymous_13)
FN:176,(anonymous_14)
FN:182,(anonymous_15)
FN:201,(anonymous_16)
FN:210,(anonymous_17)
FN:230,(anonymous_18)
FN:235,(anonymous_19)
FN:247,(anonymous_20)
FN:254,(anonymous_21)
FN:260,(anonymous_22)
FN:265,(anonymous_23)
FNF:23
FNH:23
FNDA:1,(anonymous_1)
FNDA:47,Logger
FNDA:11,(anonymous_3)
FNDA:1,(anonymous_4)
FNDA:1,(anonymous_5)
FNDA:1,(anonymous_6)
FNDA:6,(anonymous_7)
FNDA:3,(anonymous_8)
FNDA:5,(anonymous_9)
FNDA:4,(anonymous_10)
FNDA:6,(anonymous_11)
FNDA:16,(anonymous_12)
FNDA:3,(anonymous_13)
FNDA:3,(anonymous_14)
FNDA:6,(anonymous_15)
FNDA:2,(anonymous_16)
FNDA:3,(anonymous_17)
FNDA:6,(anonymous_18)
FNDA:5,(anonymous_19)
FNDA:3,(anonymous_20)
FNDA:1,(anonymous_21)
FNDA:5,(anonymous_22)
FNDA:3,(anonymous_23)
DA:1,1
DA:2,1
DA:3,1
DA:4,1
DA:5,1
DA:6,1
DA:8,1
DA:9,1
DA:10,1
DA:12,1
DA:24,1
DA:26,47
DA:27,47
DA:28,47
DA:29,47
DA:30,47
DA:34,47
DA:37,47
DA:43,11
DA:44,11
DA:45,1
DA:48,10
DA:50,10
DA:51,10
DA:52,2
DA:53,1
DA:55,2
DA:58,10
DA:59,1
DA:60,1
DA:63,9
DA:64,1
DA:67,9
DA:68,1
DA:71,8
DA:78,8
DA:80,8
DA:82,8
DA:83,1
DA:84,1
DA:87,8
DA:88,1
DA:91,8
DA:92,1
DA:95,8
DA:98,1
DA:99,6
DA:101,1
DA:102,3
DA:104,1
DA:105,5
DA:107,1
DA:108,4
DA:110,1
DA:111,6
DA:114,1
DA:115,16
DA:117,16
DA:118,3
DA:119,3
DA:123,16
DA:124,16
DA:126,16
DA:130,14
DA:133,2
DA:139,2
DA:145,2
DA:146,2
DA:148,2
DA:149,1
DA:150,1
DA:153,2
DA:154,2
DA:156,2
DA:157,1
DA:161,1
DA:162,3
DA:163,2
DA:166,3
DA:167,2
DA:168,1
DA:170,1
DA:173,2
DA:176,1
DA:177,3
DA:178,1
DA:182,6
DA:183,6
DA:184,6
DA:185,6
DA:193,6
DA:194,1
DA:197,5
DA:202,2
DA:203,2
DA:204,2
DA:206,2
DA:207,1
DA:208,1
DA:211,3
DA:213,3
DA:214,2
DA:217,2
DA:218,1
DA:219,1
DA:220,1
DA:223,1
DA:225,1
DA:229,2
DA:230,6
DA:231,2
DA:235,1
DA:237,5
DA:238,1
DA:239,1
DA:241,4
DA:244,5
DA:247,1
DA:248,3
DA:249,3
DA:250,3
DA:251,3
DA:254,1
DA:255,1
DA:256,1
DA:257,1
DA:260,9
DA:261,5
DA:262,5
DA:265,4
DA:266,3
DA:267,3
DA:268,3
DA:270,3
DA:273,1
LF:135
LH:135
BRDA:44,0,0,1
BRDA:44,0,1,10
BRDA:51,1,0,2
BRDA:51,1,1,8
BRDA:52,2,0,1
BRDA:52,2,1,1
BRDA:58,3,0,1
BRDA:58,3,1,9
BRDA:63,4,0,1
BRDA:63,4,1,8
BRDA:67,5,0,1
BRDA:67,5,1,8
BRDA:71,6,0,8
BRDA:71,6,1,1
BRDA:115,7,0,16
BRDA:115,7,1,1
BRDA:117,8,0,3
BRDA:117,8,1,13
BRDA:118,9,0,3
BRDA:118,9,1,2
BRDA:123,10,0,12
BRDA:123,10,1,4
BRDA:123,11,0,3
BRDA:123,11,1,13
BRDA:123,12,0,16
BRDA:123,12,1,16
BRDA:126,13,0,14
BRDA:126,13,1,2
BRDA:127,14,0,16
BRDA:127,14,1,3
BRDA:148,15,0,1
BRDA:148,15,1,1
BRDA:156,16,0,1
BRDA:156,16,1,1
BRDA:162,17,0,2
BRDA:162,17,1,1
BRDA:166,18,0,2
BRDA:166,18,1,1
BRDA:167,19,0,1
BRDA:167,19,1,1
BRDA:177,20,0,1
BRDA:177,20,1,2
BRDA:177,21,0,3
BRDA:177,21,1,2
BRDA:193,22,0,1
BRDA:193,22,1,5
BRDA:206,23,0,1
BRDA:206,23,1,1
BRDA:213,24,0,2
BRDA:213,24,1,1
BRDA:217,25,0,1
BRDA:217,25,1,1
BRDA:237,26,0,1
BRDA:237,26,1,4
BRDA:238,27,0,1
BRDA:238,27,1,1
BRDA:249,28,0,3
BRDA:249,28,1,1
BRDA:260,29,0,4
BRDA:260,29,1,1
BRDA:265,30,0,1
BRDA:265,30,1,2
BRDA:266,31,0,3
BRDA:266,31,1,1
BRDA:268,32,0,3
BRDA:268,32,1,2
BRF:66
BRH:66
end_of_record
TN:
SF:src/test-utils.ts
FN:1,wait
FN:2,(anonymous_1)
FNF:2
FNH:2
FNDA:1,wait
FNDA:1,(anonymous_1)
DA:1,1
DA:2,1
LF:2
LH:2
BRF:0
BRH:0
end_of_record
TN:
SF:src/utils.ts
FN:3,(anonymous_0)
FN:4,(anonymous_1)
FN:7,(anonymous_2)
FNF:3
FNH:3
FNDA:10,(anonymous_0)
FNDA:13,(anonymous_1)
FNDA:11,(anonymous_2)
DA:3,2
DA:4,13
DA:7,2
DA:8,11
DA:11,11
DA:12,11
LF:6
LH:6
BRDA:12,0,0,1
BRDA:12,0,1,10
BRF:2
BRH:2
end_of_record
